<?xml version="1.0" encoding="UTF-8"?>
<!-- Generated by org.testng.reporters.JUnitReportReporter -->
<testsuite hostname="DESKTOP-MVCJ8IJ" failures="0" tests="1" name="HandlingWindows.testMultipleWindows" time="10.613" errors="0" timestamp="2023-04-27T12:47:41 SAST" skipped="0">
  <testcase classname="HandlingWindows.testMultipleWindows" name="testWindows" time="10.613"/>
  <system-out/>
</testsuite> <!-- HandlingWindows.testMultipleWindows -->
