<?xml version="1.0" encoding="UTF-8"?>
<!-- Generated by org.testng.reporters.JUnitReportReporter -->
<testsuite hostname="DESKTOP-MVCJ8IJ" failures="0" tests="1" name="Default.SeleniumScript" time="8.006" errors="0" timestamp="2023-04-21T17:36:55 SAST" skipped="0">
  <testcase classname="Default.SeleniumScript" name="main" time="8.006"/>
  <system-out/>
</testsuite> <!-- Default.SeleniumScript -->
