<?xml version="1.0" encoding="UTF-8"?>
<!-- Generated by org.testng.reporters.JUnitReportReporter -->
<testsuite hostname="DESKTOP-MVCJ8IJ" failures="0" tests="1" name="POM.test.loginTest" time="20.984" errors="0" timestamp="2023-05-03T11:30:24 SAST" skipped="0">
  <testcase classname="POM.test.loginTest" name="init" time="20.984"/>
  <system-out/>
</testsuite> <!-- POM.test.loginTest -->
