<?xml version="1.0" encoding="UTF-8"?>
<!-- Generated by org.testng.reporters.JUnitReportReporter -->
<testsuite hostname="DESKTOP-MVCJ8IJ" failures="0" tests="1" name="Screenshots.screenShotDemo" time="7.787" errors="0" timestamp="2023-04-28T11:59:10 SAST" skipped="0">
  <testcase classname="Screenshots.screenShotDemo" name="takeScreenShotTest" time="7.787"/>
  <system-out/>
</testsuite> <!-- Screenshots.screenShotDemo -->
