<?xml version="1.0" encoding="UTF-8"?>
<!-- Generated by org.testng.reporters.JUnitReportReporter -->
<testsuite hostname="DESKTOP-MVCJ8IJ" failures="0" tests="1" name="Basics.CrossBrowserTesting" time="8.048" errors="0" timestamp="2023-04-24T12:44:38 SAST" skipped="0">
  <testcase classname="Basics.CrossBrowserTesting" name="testParameterWithXml" time="8.048"/>
  <system-out/>
</testsuite> <!-- Basics.CrossBrowserTesting -->
