<?xml version="1.0" encoding="UTF-8"?>
<!-- Generated by org.testng.reporters.JUnitReportReporter -->
<testsuite hostname="DESKTOP-MVCJ8IJ" failures="0" tests="2" name="TestNG_DataProvider.testDDT" time="11.000" errors="0" timestamp="2023-05-01T12:26:27 SAST" skipped="0">
  <testcase classname="TestNG_DataProvider.testDDT" name="testChrome" time="6.085"/>
  <system-out/>
  <testcase classname="TestNG_DataProvider.testDDT" name="testChrome" time="4.915"/>
  <system-out/>
</testsuite> <!-- TestNG_DataProvider.testDDT -->
