<?xml version="1.0" encoding="UTF-8"?>
<!-- Generated by org.testng.reporters.JUnitReportReporter -->
<testsuite hostname="DESKTOP-MVCJ8IJ" failures="0" tests="2" name="Basics.TestCASE" time="6.415" errors="0" timestamp="2023-04-24T09:36:09 SAST" skipped="0">
  <testcase classname="Basics.TestCASE" name="verifyHomePageTitle" time="6.377"/>
  <system-out/>
  <testcase classname="Basics.TestCASE" name="verifyPageTitle" time="0.038"/>
  <system-out/>
</testsuite> <!-- Basics.TestCASE -->
