<?xml version="1.0" encoding="UTF-8"?>
<!-- Generated by org.testng.reporters.JUnitReportReporter -->
<testsuite hostname="DESKTOP-MVCJ8IJ" failures="0" tests="3" name="TestNG_DataProvider.dataProviderExample" time="0.040" errors="0" timestamp="2023-05-01T11:25:27 SAST" skipped="0">
  <testcase classname="TestNG_DataProvider.dataProviderExample" name="setData" time="0.022"/>
  <system-out/>
  <testcase classname="TestNG_DataProvider.dataProviderExample" name="setData" time="0.013"/>
  <system-out/>
  <testcase classname="TestNG_DataProvider.dataProviderExample" name="setData" time="0.005"/>
  <system-out/>
</testsuite> <!-- TestNG_DataProvider.dataProviderExample -->
