<?xml version="1.0" encoding="UTF-8"?>
<!-- Generated by org.testng.reporters.JUnitReportReporter -->
<testsuite hostname="DESKTOP-MVCJ8IJ" failures="0" tests="2" name="Default.testNGannotations" time="0.023" errors="0" timestamp="2023-04-24T09:45:35 SAST" skipped="0">
  <testcase classname="Default.testNGannotations" name="testCase1" time="0.017"/>
  <system-out/>
  <testcase classname="Default.testNGannotations" name="testCase2" time="0.006"/>
  <system-out/>
</testsuite> <!-- Default.testNGannotations -->
