<?xml version="1.0" encoding="UTF-8"?>
<!-- Generated by org.testng.reporters.JUnitReportReporter -->
<testsuite hostname="DESKTOP-MVCJ8IJ" failures="0" tests="1" name="TestNG_listeners.TestCase" time="33.014" errors="0" timestamp="2023-04-21T15:32:32 SAST" skipped="0">
  <testcase classname="TestNG_listeners.TestCase" name="main" time="33.014"/>
  <system-out/>
</testsuite> <!-- TestNG_listeners.TestCase -->
